<?xml version="1.0" encoding="UTF-8"?>
<!-- Generated by org.testng.reporters.JUnitReportReporter -->
<testsuite hostname="IL-AsafMi-MAC.local" failures="0" tests="2" name="tests.AndroidUpdate" time="285.098" errors="0" timestamp="2021-03-30T21:15:22 IDT" skipped="0">
  <testcase classname="tests.AndroidUpdate" name="testUpgradeDemoDMUser" time="148.739"/>
  <system-out/>
  <testcase classname="tests.AndroidUpdate" name="testUpgradeDemoDMUser2" time="136.359"/>
  <system-out/>
</testsuite> <!-- tests.AndroidUpdate -->
