<?xml version="1.0" encoding="UTF-8"?>
<!-- Generated by org.testng.reporters.JUnitReportReporter -->
<testsuite hostname="IL-AsafMi-MAC.local" failures="0" tests="1" name="tests.HappyPath" time="83.743" errors="0" timestamp="2021-03-25T10:00:40 IST" skipped="0">
  <testcase classname="tests.HappyPath" name="happyPath" time="83.743"/>
  <system-out/>
</testsuite> <!-- tests.HappyPath -->
