<?xml version="1.0" encoding="UTF-8"?>
<!-- Generated by org.testng.reporters.JUnitReportReporter -->
<testsuite hostname="IL-AsafMi-MAC.local" failures="0" tests="1" name="tests.Test1" time="53.724" errors="0" timestamp="2021-03-21T14:05:15 IST" skipped="0">
  <testcase classname="tests.Test1" name="totalValidation" time="53.724"/>
  <system-out/>
</testsuite> <!-- tests.Test1 -->
