<?xml version="1.0" encoding="UTF-8"?>
<!-- Generated by org.testng.reporters.JUnitReportReporter -->
<testsuite hostname="IL-AsafMi-MAC.local" failures="0" tests="2" name="tests.ApiDemoTest" time="71.833" errors="0" timestamp="2021-03-21T14:05:15 IST" skipped="0">
  <testcase classname="tests.ApiDemoTest" name="apiDemo" time="38.700"/>
  <system-out/>
  <testcase classname="tests.ApiDemoTest" name="apiDemo" time="33.133"/>
  <system-out/>
</testsuite> <!-- tests.ApiDemoTest -->
